<?xml version="1.0" encoding="UTF-8"?>
<!-- Generated by org.testng.reporters.JUnitReportReporter -->
<testsuite hostname="DESKTOP-IAN32KQ" failures="0" tests="1" name="testpackage.SelectionbedTest" time="40.052" errors="0" timestamp="2025-05-06T15:32:27 GMT-04:00" skipped="0">
  <testcase classname="testpackage.SelectionbedTest" name="set" time="40.052"/>
  <system-out>
    <![CDATA[title verified]]>
  </system-out>
</testsuite> <!-- testpackage.SelectionbedTest -->
