<?xml version="1.0" encoding="UTF-8"?>
<!-- Generated by org.testng.reporters.JUnitReportReporter -->
<testsuite hostname="DESKTOP-IAN32KQ" failures="0" tests="1" name="testpackage.PaymentTest" time="1.249" errors="0" timestamp="2025-05-06T09:50:51 GMT-04:00" skipped="0">
  <testcase classname="testpackage.PaymentTest" name="payclick" time="1.249"/>
</testsuite> <!-- testpackage.PaymentTest -->
