<?xml version="1.0" encoding="UTF-8"?>
<!-- Generated by org.testng.reporters.JUnitReportReporter -->
<testsuite hostname="DESKTOP-IAN32KQ" failures="0" tests="1" name="testpackage.CheckoutDetailsTest" time="21.271" errors="0" timestamp="2025-05-06T15:32:27 GMT-04:00" skipped="0">
  <testcase classname="testpackage.CheckoutDetailsTest" name="datas" time="21.271"/>
  <system-out>
    <![CDATA[title verified]]>
  </system-out>
</testsuite> <!-- testpackage.CheckoutDetailsTest -->
