<?xml version="1.0" encoding="UTF-8"?>
<!-- Generated by org.testng.reporters.JUnitReportReporter -->
<testsuite hostname="DESKTOP-IAN32KQ" failures="0" tests="1" name="testpackage.LoginTest" time="61.245" errors="0" timestamp="2025-05-06T15:32:27 GMT-04:00" skipped="0">
  <testcase classname="testpackage.LoginTest" name="datadriven" time="61.245">
    <system-out>
      <![CDATA[title verified]]>
    </system-out>
  </testcase> <!-- datadriven -->
  <system-out>
    <![CDATA[title verified]]>
  </system-out>
</testsuite> <!-- testpackage.LoginTest -->
