<?xml version="1.0" encoding="UTF-8"?>
<!-- Generated by org.testng.reporters.JUnitReportReporter -->
<testsuite hostname="DESKTOP-IAN32KQ" failures="0" tests="1" name="testpackage.CreateaccountTest" time="21.908" errors="0" timestamp="2025-05-03T16:55:54 GMT-04:00" skipped="0">
  <testcase classname="testpackage.CreateaccountTest" name="createset" time="21.908"/>
</testsuite> <!-- testpackage.CreateaccountTest -->
