<?xml version="1.0" encoding="UTF-8"?>
<!-- Generated by org.testng.reporters.JUnitReportReporter -->
<testsuite hostname="DESKTOP-IAN32KQ" failures="0" tests="1" name="testpackage.RegistrationTest" time="7.889" errors="0" timestamp="2025-05-02T11:54:14 GMT-04:00" skipped="0">
  <testcase classname="testpackage.RegistrationTest" name="set" time="7.889"/>
</testsuite> <!-- testpackage.RegistrationTest -->
